<?xml version="1.0" encoding="UTF-8"?>
<!-- Generated by org.testng.reporters.JUnitReportReporter -->
<testsuite hostname="DELL-C0HKRC2" failures="0" tests="1" name="Edit.EducacionIT14Sep2022.AccesoABaseDeDatos" time="2.368" errors="0" timestamp="2022-10-14T08:35:32 ART" skipped="0">
  <testcase classname="Edit.EducacionIT14Sep2022.AccesoABaseDeDatos" name="testBaseDeDatos" time="2.368"/>
  <system-out/>
</testsuite> <!-- Edit.EducacionIT14Sep2022.AccesoABaseDeDatos -->
