<?xml version="1.0" encoding="UTF-8"?>
<!-- Generated by org.testng.reporters.JUnitReportReporter -->
<testsuite hostname="DELL-C0HKRC2" failures="0" tests="5" name="pruebas.Laboratorio8" time="68.971" errors="0" timestamp="2022-10-12T09:17:38 ART" skipped="0">
  <testcase classname="pruebas.Laboratorio8" name="login" time="20.619"/>
  <system-out/>
  <testcase classname="pruebas.Laboratorio8" name="login" time="13.066"/>
  <system-out/>
  <testcase classname="pruebas.Laboratorio8" name="login" time="13.171"/>
  <system-out/>
  <testcase classname="pruebas.Laboratorio8" name="login" time="10.534"/>
  <system-out/>
  <testcase classname="pruebas.Laboratorio8" name="login" time="11.581"/>
  <system-out/>
</testsuite> <!-- pruebas.Laboratorio8 -->
