<?xml version="1.0" encoding="UTF-8"?>
<!-- Generated by org.testng.reporters.JUnitReportReporter -->
<testsuite hostname="DELL-C0HKRC2" failures="0" tests="1" name="pruebas.Laboratorio9b" time="5.477" errors="0" timestamp="2022-10-14T08:20:49 ART" skipped="0">
  <testcase classname="pruebas.Laboratorio9b" name="test" time="5.477"/>
  <system-out/>
</testsuite> <!-- pruebas.Laboratorio9b -->
